2021-03-25 15:41:09	Creating tables
2021-03-25 15:41:10	Mapping concepts to cohorts
2021-03-25 15:41:10	Importing references
2021-03-25 15:53:57	Found 0 mappings
2021-03-25 15:53:57	Zero control/indication references found. Likely due to a cohort mapping problem
2021-03-25 16:01:43	Error in loadNamespace: there is no package called ‘plotly’
2021-03-25 16:01:51	there is no package called ‘plotly’
2021-03-25 16:01:51	there is no package called ‘plotly’
2021-03-25 16:02:11	Error in library: there is no package called ‘foreach’
2021-03-25 16:02:22	Error in library(foreach, warn.conflicts = FALSE) :    there is no package called ‘foreach’ 
2021-03-25 16:02:22	Error in library(foreach, warn.conflicts = FALSE) :    there is no package called ‘foreach’ 
2021-03-25 16:02:51	Initialized calibration plot module for: jroads_domperidone
2021-03-25 16:03:28	StopIteration
2021-03-25 16:03:28	StopIteration
2021-03-25 16:03:59	Initialized calibration plot module for: jroads_domperidone
2021-03-25 16:05:26	StopIteration
2021-03-25 16:05:26	StopIteration
2021-03-26 14:13:21	Initialized calibration plot module for: jroads_domperidone
2021-03-26 14:22:16	StopIteration
2021-03-26 14:22:16	StopIteration
2021-03-26 14:26:02	Creating tables
2021-03-26 14:26:02	Mapping concepts to cohorts
2021-03-26 14:26:02	Importing references
2021-03-26 14:39:39	Found 0 mappings
2021-03-26 14:39:39	Zero control/indication references found. Likely due to a cohort mapping problem
2021-03-26 14:40:19	Initialized calibration plot module for: jroads_domperidone
2021-03-26 14:40:44	Error in : Join columns must be present in data.
[31mx[39m Problem with `SOURCE_ID`.
2021-03-26 14:40:44	Error in : Join columns must be present in data.
[31mx[39m Problem with `SOURCE_ID`.
2021-03-26 14:40:58	Error in : Join columns must be present in data.
[31mx[39m Problem with `SOURCE_ID`.
2021-03-26 14:40:59	Error in : Join columns must be present in data.
[31mx[39m Problem with `SOURCE_ID`.
2021-03-26 14:41:34	subscript out of bounds
2021-03-26 14:41:34	subscript out of bounds
